<?xml version="1.0" encoding="UTF-8"?>
<!-- Generated by org.testng.reporters.JUnitReportReporter -->
<testsuite hostname="DESKTOP-4HL699H" failures="0" tests="1" name="TestSuite.Snapdeal_Test" time="11.652" errors="0" timestamp="18 Jul 2021 07:21:01 GMT" skipped="0">
  <testcase classname="TestSuite.Snapdeal_Test" name="test" time="11.652"/>
</testsuite> <!-- TestSuite.Snapdeal_Test -->
